45161764 reads; of these:
  45161764 (100.00%) were paired; of these:
    4155758 (9.20%) aligned concordantly 0 times
    32172495 (71.24%) aligned concordantly exactly 1 time
    8833511 (19.56%) aligned concordantly >1 times
    ----
    4155758 pairs aligned concordantly 0 times; of these:
      208220 (5.01%) aligned discordantly 1 time
    ----
    3947538 pairs aligned 0 times concordantly or discordantly; of these:
      7895076 mates make up the pairs; of these:
        6225515 (78.85%) aligned 0 times
        1064917 (13.49%) aligned exactly 1 time
        604644 (7.66%) aligned >1 times
93.11% overall alignment rate
[main] unrecognized command 'pair'. Abort!
[main] unrecognized command 'pair'. Abort!
Warning: Unsupported file format
(ERR): Read file '/dev/fd/63' doesn't exist
Exiting now ...
cp: cannot stat '/localscratch/mmk2265/aligned/1C_SINV.sam': No such file or directory
