60415603 reads; of these:
  60415603 (100.00%) were paired; of these:
    2251053 (3.73%) aligned concordantly 0 times
    53937512 (89.28%) aligned concordantly exactly 1 time
    4227038 (7.00%) aligned concordantly >1 times
    ----
    2251053 pairs aligned concordantly 0 times; of these:
      276753 (12.29%) aligned discordantly 1 time
    ----
    1974300 pairs aligned 0 times concordantly or discordantly; of these:
      3948600 mates make up the pairs; of these:
        2420421 (61.30%) aligned 0 times
        1326697 (33.60%) aligned exactly 1 time
        201482 (5.10%) aligned >1 times
98.00% overall alignment rate
[main] unrecognized command 'pair'. Abort!
[main] unrecognized command 'pair'. Abort!
Warning: Unsupported file format
(ERR): Read file '/dev/fd/63' doesn't exist
Exiting now ...
cp: cannot stat '/localscratch/mmk2265/aligned/1D_SINV.sam': No such file or directory
