93701932 reads; of these:
  93701932 (100.00%) were paired; of these:
    4328989 (4.62%) aligned concordantly 0 times
    78089187 (83.34%) aligned concordantly exactly 1 time
    11283756 (12.04%) aligned concordantly >1 times
    ----
    4328989 pairs aligned concordantly 0 times; of these:
      424886 (9.81%) aligned discordantly 1 time
    ----
    3904103 pairs aligned 0 times concordantly or discordantly; of these:
      7808206 mates make up the pairs; of these:
        5561161 (71.22%) aligned 0 times
        1695250 (21.71%) aligned exactly 1 time
        551795 (7.07%) aligned >1 times
97.03% overall alignment rate
4328989 reads; of these:
  4328989 (100.00%) were paired; of these:
    4325574 (99.92%) aligned concordantly 0 times
    3415 (0.08%) aligned concordantly exactly 1 time
    0 (0.00%) aligned concordantly >1 times
    ----
    4325574 pairs aligned concordantly 0 times; of these:
      6 (0.00%) aligned discordantly 1 time
    ----
    4325568 pairs aligned 0 times concordantly or discordantly; of these:
      8651136 mates make up the pairs; of these:
        8650876 (100.00%) aligned 0 times
        260 (0.00%) aligned exactly 1 time
        0 (0.00%) aligned >1 times
0.08% overall alignment rate
rm: cannot remove '1A_*.fastq': No such file or directory
