67429424 reads; of these:
  67429424 (100.00%) were paired; of these:
    4096895 (6.08%) aligned concordantly 0 times
    52693325 (78.15%) aligned concordantly exactly 1 time
    10639204 (15.78%) aligned concordantly >1 times
    ----
    4096895 pairs aligned concordantly 0 times; of these:
      327486 (7.99%) aligned discordantly 1 time
    ----
    3769409 pairs aligned 0 times concordantly or discordantly; of these:
      7538818 mates make up the pairs; of these:
        5389621 (71.49%) aligned 0 times
        1469316 (19.49%) aligned exactly 1 time
        679881 (9.02%) aligned >1 times
96.00% overall alignment rate
4096895 reads; of these:
  4096895 (100.00%) were paired; of these:
    4093144 (99.91%) aligned concordantly 0 times
    3751 (0.09%) aligned concordantly exactly 1 time
    0 (0.00%) aligned concordantly >1 times
    ----
    4093144 pairs aligned concordantly 0 times; of these:
      26 (0.00%) aligned discordantly 1 time
    ----
    4093118 pairs aligned 0 times concordantly or discordantly; of these:
      8186236 mates make up the pairs; of these:
        8185925 (100.00%) aligned 0 times
        311 (0.00%) aligned exactly 1 time
        0 (0.00%) aligned >1 times
0.10% overall alignment rate
rm: cannot remove '1B_*.fastq': No such file or directory
