91942080 reads; of these:
  91942080 (100.00%) were paired; of these:
    6478524 (7.05%) aligned concordantly 0 times
    68729413 (74.75%) aligned concordantly exactly 1 time
    16734143 (18.20%) aligned concordantly >1 times
    ----
    6478524 pairs aligned concordantly 0 times; of these:
      463549 (7.16%) aligned discordantly 1 time
    ----
    6014975 pairs aligned 0 times concordantly or discordantly; of these:
      12029950 mates make up the pairs; of these:
        8565953 (71.21%) aligned 0 times
        2331583 (19.38%) aligned exactly 1 time
        1132414 (9.41%) aligned >1 times
95.34% overall alignment rate

ERROR: invalid parameter: '1A_hg38.sam'

Error: Encountered one or more spaces while parsing the quality string for read LH00652:349:23F32LLT4:2:1227:3144:19314 2:N:0:ATTACTCG+TAAGATTA.  If this is a FASTQ file with integer (non-ASCII-encoded) qualities, try re-running with the --integer-quals option.
terminate called after throwing an instance of 'int'
(ERR): hisat2-align died with signal 6 (ABRT) (core dumped)
rm: cannot remove '/localscratch/mmk2265/align/3E_unaligned.*.fastq': No such file or directory
