67429424 reads; of these:
  67429424 (100.00%) were paired; of these:
    4097164 (6.08%) aligned concordantly 0 times
    52690998 (78.14%) aligned concordantly exactly 1 time
    10641262 (15.78%) aligned concordantly >1 times
    ----
    4097164 pairs aligned concordantly 0 times; of these:
      327566 (7.99%) aligned discordantly 1 time
    ----
    3769598 pairs aligned 0 times concordantly or discordantly; of these:
      7539196 mates make up the pairs; of these:
        5390764 (71.50%) aligned 0 times
        1468541 (19.48%) aligned exactly 1 time
        679891 (9.02%) aligned >1 times
96.00% overall alignment rate

ERROR: invalid parameter: '1A_hg38.sam'

4097164 reads; of these:
  4097164 (100.00%) were paired; of these:
    4093413 (99.91%) aligned concordantly 0 times
    3751 (0.09%) aligned concordantly exactly 1 time
    0 (0.00%) aligned concordantly >1 times
    ----
    4093413 pairs aligned concordantly 0 times; of these:
      26 (0.00%) aligned discordantly 1 time
    ----
    4093387 pairs aligned 0 times concordantly or discordantly; of these:
      8186774 mates make up the pairs; of these:
        8186463 (100.00%) aligned 0 times
        311 (0.00%) aligned exactly 1 time
        0 (0.00%) aligned >1 times
0.10% overall alignment rate
rm: cannot remove '/localscratch/mmk2265/align/1B_unaligned.*.fastq': No such file or directory
