50837918 reads; of these:
  50837918 (100.00%) were paired; of these:
    4317931 (8.49%) aligned concordantly 0 times
    26980764 (53.07%) aligned concordantly exactly 1 time
    19539223 (38.43%) aligned concordantly >1 times
    ----
    4317931 pairs aligned concordantly 0 times; of these:
      169352 (3.92%) aligned discordantly 1 time
    ----
    4148579 pairs aligned 0 times concordantly or discordantly; of these:
      8297158 mates make up the pairs; of these:
        5272894 (63.55%) aligned 0 times
        1346903 (16.23%) aligned exactly 1 time
        1677361 (20.22%) aligned >1 times
94.81% overall alignment rate

ERROR: invalid parameter: '1A_hg38.sam'

4317931 reads; of these:
  4317931 (100.00%) were paired; of these:
    4317083 (99.98%) aligned concordantly 0 times
    848 (0.02%) aligned concordantly exactly 1 time
    0 (0.00%) aligned concordantly >1 times
    ----
    4317083 pairs aligned concordantly 0 times; of these:
      7 (0.00%) aligned discordantly 1 time
    ----
    4317076 pairs aligned 0 times concordantly or discordantly; of these:
      8634152 mates make up the pairs; of these:
        8634139 (100.00%) aligned 0 times
        13 (0.00%) aligned exactly 1 time
        0 (0.00%) aligned >1 times
0.02% overall alignment rate
rm: cannot remove '/localscratch/mmk2265/align/2E_unaligned.*.fastq': No such file or directory
