48811365 reads; of these:
  48811365 (100.00%) were paired; of these:
    6764650 (13.86%) aligned concordantly 0 times
    29946349 (61.35%) aligned concordantly exactly 1 time
    12100366 (24.79%) aligned concordantly >1 times
    ----
    6764650 pairs aligned concordantly 0 times; of these:
      210826 (3.12%) aligned discordantly 1 time
    ----
    6553824 pairs aligned 0 times concordantly or discordantly; of these:
      13107648 mates make up the pairs; of these:
        10104405 (77.09%) aligned 0 times
        1619130 (12.35%) aligned exactly 1 time
        1384113 (10.56%) aligned >1 times
89.65% overall alignment rate

ERROR: invalid parameter: '1A_hg38.sam'

6764650 reads; of these:
  6764650 (100.00%) were paired; of these:
    6763329 (99.98%) aligned concordantly 0 times
    1321 (0.02%) aligned concordantly exactly 1 time
    0 (0.00%) aligned concordantly >1 times
    ----
    6763329 pairs aligned concordantly 0 times; of these:
      5 (0.00%) aligned discordantly 1 time
    ----
    6763324 pairs aligned 0 times concordantly or discordantly; of these:
      13526648 mates make up the pairs; of these:
        13526625 (100.00%) aligned 0 times
        23 (0.00%) aligned exactly 1 time
        0 (0.00%) aligned >1 times
0.02% overall alignment rate
rm: cannot remove '/localscratch/mmk2265/align/2D_unaligned.*.fastq': No such file or directory
