60415603 reads; of these:
  60415603 (100.00%) were paired; of these:
    2251039 (3.73%) aligned concordantly 0 times
    53937610 (89.28%) aligned concordantly exactly 1 time
    4226954 (7.00%) aligned concordantly >1 times
    ----
    2251039 pairs aligned concordantly 0 times; of these:
      276756 (12.29%) aligned discordantly 1 time
    ----
    1974283 pairs aligned 0 times concordantly or discordantly; of these:
      3948566 mates make up the pairs; of these:
        2420395 (61.30%) aligned 0 times
        1326677 (33.60%) aligned exactly 1 time
        201494 (5.10%) aligned >1 times
98.00% overall alignment rate

ERROR: invalid parameter: '1A_hg38.sam'

2251039 reads; of these:
  2251039 (100.00%) were paired; of these:
    2231383 (99.13%) aligned concordantly 0 times
    19656 (0.87%) aligned concordantly exactly 1 time
    0 (0.00%) aligned concordantly >1 times
    ----
    2231383 pairs aligned concordantly 0 times; of these:
      85 (0.00%) aligned discordantly 1 time
    ----
    2231298 pairs aligned 0 times concordantly or discordantly; of these:
      4462596 mates make up the pairs; of these:
        4462310 (99.99%) aligned 0 times
        286 (0.01%) aligned exactly 1 time
        0 (0.00%) aligned >1 times
0.88% overall alignment rate
rm: cannot remove '/localscratch/mmk2265/align/1D_unaligned.*.fastq': No such file or directory
