73358005 reads; of these:
  73358005 (100.00%) were paired; of these:
    2605236 (3.55%) aligned concordantly 0 times
    65079857 (88.72%) aligned concordantly exactly 1 time
    5672912 (7.73%) aligned concordantly >1 times
    ----
    2605236 pairs aligned concordantly 0 times; of these:
      310246 (11.91%) aligned discordantly 1 time
    ----
    2294990 pairs aligned 0 times concordantly or discordantly; of these:
      4589980 mates make up the pairs; of these:
        2915652 (63.52%) aligned 0 times
        1399107 (30.48%) aligned exactly 1 time
        275221 (6.00%) aligned >1 times
98.01% overall alignment rate

ERROR: invalid parameter: '1A_hg38.sam'

2605236 reads; of these:
  2605236 (100.00%) were paired; of these:
    2604206 (99.96%) aligned concordantly 0 times
    1030 (0.04%) aligned concordantly exactly 1 time
    0 (0.00%) aligned concordantly >1 times
    ----
    2604206 pairs aligned concordantly 0 times; of these:
      10 (0.00%) aligned discordantly 1 time
    ----
    2604196 pairs aligned 0 times concordantly or discordantly; of these:
      5208392 mates make up the pairs; of these:
        5208376 (100.00%) aligned 0 times
        16 (0.00%) aligned exactly 1 time
        0 (0.00%) aligned >1 times
0.04% overall alignment rate
rm: cannot remove '/localscratch/mmk2265/align/1E_unaligned.*.fastq': No such file or directory
