121248027 reads; of these:
  121248027 (100.00%) were paired; of these:
    7639009 (6.30%) aligned concordantly 0 times
    90083676 (74.30%) aligned concordantly exactly 1 time
    23525342 (19.40%) aligned concordantly >1 times
    ----
    7639009 pairs aligned concordantly 0 times; of these:
      558200 (7.31%) aligned discordantly 1 time
    ----
    7080809 pairs aligned 0 times concordantly or discordantly; of these:
      14161618 mates make up the pairs; of these:
        9652064 (68.16%) aligned 0 times
        2766581 (19.54%) aligned exactly 1 time
        1742973 (12.31%) aligned >1 times
96.02% overall alignment rate

ERROR: invalid parameter: '1A_hg38.sam'

7639009 reads; of these:
  7639009 (100.00%) were paired; of these:
    7637746 (99.98%) aligned concordantly 0 times
    1263 (0.02%) aligned concordantly exactly 1 time
    0 (0.00%) aligned concordantly >1 times
    ----
    7637746 pairs aligned concordantly 0 times; of these:
      2 (0.00%) aligned discordantly 1 time
    ----
    7637744 pairs aligned 0 times concordantly or discordantly; of these:
      15275488 mates make up the pairs; of these:
        15275439 (100.00%) aligned 0 times
        49 (0.00%) aligned exactly 1 time
        0 (0.00%) aligned >1 times
0.02% overall alignment rate
rm: cannot remove '/localscratch/mmk2265/align/2F_unaligned.*.fastq': No such file or directory
