45161764 reads; of these:
  45161764 (100.00%) were paired; of these:
    4130468 (9.15%) aligned concordantly 0 times
    32177162 (71.25%) aligned concordantly exactly 1 time
    8854134 (19.61%) aligned concordantly >1 times
    ----
    4130468 pairs aligned concordantly 0 times; of these:
      208305 (5.04%) aligned discordantly 1 time
    ----
    3922163 pairs aligned 0 times concordantly or discordantly; of these:
      7844326 mates make up the pairs; of these:
        6175112 (78.72%) aligned 0 times
        1063638 (13.56%) aligned exactly 1 time
        605576 (7.72%) aligned >1 times
93.16% overall alignment rate

ERROR: invalid parameter: '1A_hg38.sam'

4130468 reads; of these:
  4130468 (100.00%) were paired; of these:
    4107536 (99.44%) aligned concordantly 0 times
    22932 (0.56%) aligned concordantly exactly 1 time
    0 (0.00%) aligned concordantly >1 times
    ----
    4107536 pairs aligned concordantly 0 times; of these:
      127 (0.00%) aligned discordantly 1 time
    ----
    4107409 pairs aligned 0 times concordantly or discordantly; of these:
      8214818 mates make up the pairs; of these:
        8214131 (99.99%) aligned 0 times
        687 (0.01%) aligned exactly 1 time
        0 (0.00%) aligned >1 times
0.57% overall alignment rate
rm: cannot remove '/localscratch/mmk2265/align/1C_unaligned.*.fastq': No such file or directory
