93701932 reads; of these:
  93701932 (100.00%) were paired; of these:
    4328957 (4.62%) aligned concordantly 0 times
    78088471 (83.34%) aligned concordantly exactly 1 time
    11284504 (12.04%) aligned concordantly >1 times
    ----
    4328957 pairs aligned concordantly 0 times; of these:
      424888 (9.82%) aligned discordantly 1 time
    ----
    3904069 pairs aligned 0 times concordantly or discordantly; of these:
      7808138 mates make up the pairs; of these:
        5561107 (71.22%) aligned 0 times
        1695217 (21.71%) aligned exactly 1 time
        551814 (7.07%) aligned >1 times
97.03% overall alignment rate

ERROR: invalid parameter: '1A_hg38.sam'

4328957 reads; of these:
  4328957 (100.00%) were paired; of these:
    4325542 (99.92%) aligned concordantly 0 times
    3415 (0.08%) aligned concordantly exactly 1 time
    0 (0.00%) aligned concordantly >1 times
    ----
    4325542 pairs aligned concordantly 0 times; of these:
      6 (0.00%) aligned discordantly 1 time
    ----
    4325536 pairs aligned 0 times concordantly or discordantly; of these:
      8651072 mates make up the pairs; of these:
        8650812 (100.00%) aligned 0 times
        260 (0.00%) aligned exactly 1 time
        0 (0.00%) aligned >1 times
0.08% overall alignment rate
rm: cannot remove '/localscratch/mmk2265/align/1A_unaligned.*.fastq': No such file or directory
