69963693 reads; of these:
  69963693 (100.00%) were paired; of these:
    3671213 (5.25%) aligned concordantly 0 times
    57436746 (82.10%) aligned concordantly exactly 1 time
    8855734 (12.66%) aligned concordantly >1 times
    ----
    3671213 pairs aligned concordantly 0 times; of these:
      248575 (6.77%) aligned discordantly 1 time
    ----
    3422638 pairs aligned 0 times concordantly or discordantly; of these:
      6845276 mates make up the pairs; of these:
        5124162 (74.86%) aligned 0 times
        1325838 (19.37%) aligned exactly 1 time
        395276 (5.77%) aligned >1 times
96.34% overall alignment rate

ERROR: invalid parameter: '1A_hg38.sam'

3671213 reads; of these:
  3671213 (100.00%) were paired; of these:
    2815972 (76.70%) aligned concordantly 0 times
    854842 (23.29%) aligned concordantly exactly 1 time
    399 (0.01%) aligned concordantly >1 times
    ----
    2815972 pairs aligned concordantly 0 times; of these:
      4522 (0.16%) aligned discordantly 1 time
    ----
    2811450 pairs aligned 0 times concordantly or discordantly; of these:
      5622900 mates make up the pairs; of these:
        5604321 (99.67%) aligned 0 times
        18513 (0.33%) aligned exactly 1 time
        66 (0.00%) aligned >1 times
23.67% overall alignment rate
rm: cannot remove '/localscratch/mmk2265/align/2H_unaligned.*.fastq': No such file or directory
