40682345 reads; of these:
  40682345 (100.00%) were paired; of these:
    7357223 (18.08%) aligned concordantly 0 times
    23920838 (58.80%) aligned concordantly exactly 1 time
    9404284 (23.12%) aligned concordantly >1 times
    ----
    7357223 pairs aligned concordantly 0 times; of these:
      151524 (2.06%) aligned discordantly 1 time
    ----
    7205699 pairs aligned 0 times concordantly or discordantly; of these:
      14411398 mates make up the pairs; of these:
        12179949 (84.52%) aligned 0 times
        1322285 (9.18%) aligned exactly 1 time
        909164 (6.31%) aligned >1 times
85.03% overall alignment rate

ERROR: invalid parameter: '1A_hg38.sam'

7357223 reads; of these:
  7357223 (100.00%) were paired; of these:
    7356848 (99.99%) aligned concordantly 0 times
    375 (0.01%) aligned concordantly exactly 1 time
    0 (0.00%) aligned concordantly >1 times
    ----
    7356848 pairs aligned concordantly 0 times; of these:
      2 (0.00%) aligned discordantly 1 time
    ----
    7356846 pairs aligned 0 times concordantly or discordantly; of these:
      14713692 mates make up the pairs; of these:
        14713691 (100.00%) aligned 0 times
        1 (0.00%) aligned exactly 1 time
        0 (0.00%) aligned >1 times
0.01% overall alignment rate
rm: cannot remove '/localscratch/mmk2265/align/2A_unaligned.*.fastq': No such file or directory
