75000826 reads; of these:
  75000826 (100.00%) were paired; of these:
    7994223 (10.66%) aligned concordantly 0 times
    45115724 (60.15%) aligned concordantly exactly 1 time
    21890879 (29.19%) aligned concordantly >1 times
    ----
    7994223 pairs aligned concordantly 0 times; of these:
      295341 (3.69%) aligned discordantly 1 time
    ----
    7698882 pairs aligned 0 times concordantly or discordantly; of these:
      15397764 mates make up the pairs; of these:
        10902851 (70.81%) aligned 0 times
        2319993 (15.07%) aligned exactly 1 time
        2174920 (14.12%) aligned >1 times
92.73% overall alignment rate

ERROR: invalid parameter: '1A_hg38.sam'

7994223 reads; of these:
  7994223 (100.00%) were paired; of these:
    7988100 (99.92%) aligned concordantly 0 times
    6123 (0.08%) aligned concordantly exactly 1 time
    0 (0.00%) aligned concordantly >1 times
    ----
    7988100 pairs aligned concordantly 0 times; of these:
      46 (0.00%) aligned discordantly 1 time
    ----
    7988054 pairs aligned 0 times concordantly or discordantly; of these:
      15976108 mates make up the pairs; of these:
        15976005 (100.00%) aligned 0 times
        103 (0.00%) aligned exactly 1 time
        0 (0.00%) aligned >1 times
0.08% overall alignment rate
rm: cannot remove '/localscratch/mmk2265/align/3C_unaligned.*.fastq': No such file or directory
