75259179 reads; of these:
  75259179 (100.00%) were paired; of these:
    5988569 (7.96%) aligned concordantly 0 times
    55667480 (73.97%) aligned concordantly exactly 1 time
    13603130 (18.08%) aligned concordantly >1 times
    ----
    5988569 pairs aligned concordantly 0 times; of these:
      281707 (4.70%) aligned discordantly 1 time
    ----
    5706862 pairs aligned 0 times concordantly or discordantly; of these:
      11413724 mates make up the pairs; of these:
        8192677 (71.78%) aligned 0 times
        1920783 (16.83%) aligned exactly 1 time
        1300264 (11.39%) aligned >1 times
94.56% overall alignment rate

ERROR: invalid parameter: '1A_hg38.sam'

5988569 reads; of these:
  5988569 (100.00%) were paired; of these:
    5988381 (100.00%) aligned concordantly 0 times
    188 (0.00%) aligned concordantly exactly 1 time
    0 (0.00%) aligned concordantly >1 times
    ----
    5988381 pairs aligned concordantly 0 times; of these:
      0 (0.00%) aligned discordantly 1 time
    ----
    5988381 pairs aligned 0 times concordantly or discordantly; of these:
      11976762 mates make up the pairs; of these:
        11976729 (100.00%) aligned 0 times
        33 (0.00%) aligned exactly 1 time
        0 (0.00%) aligned >1 times
0.00% overall alignment rate
rm: cannot remove '/localscratch/mmk2265/align/3A_unaligned.*.fastq': No such file or directory
