71371441 reads; of these:
  71371441 (100.00%) were paired; of these:
    6798241 (9.53%) aligned concordantly 0 times
    56265004 (78.83%) aligned concordantly exactly 1 time
    8308196 (11.64%) aligned concordantly >1 times
    ----
    6798241 pairs aligned concordantly 0 times; of these:
      304370 (4.48%) aligned discordantly 1 time
    ----
    6493871 pairs aligned 0 times concordantly or discordantly; of these:
      12987742 mates make up the pairs; of these:
        11235249 (86.51%) aligned 0 times
        1321097 (10.17%) aligned exactly 1 time
        431396 (3.32%) aligned >1 times
92.13% overall alignment rate

ERROR: invalid parameter: '1A_hg38.sam'

6798241 reads; of these:
  6798241 (100.00%) were paired; of these:
    3562970 (52.41%) aligned concordantly 0 times
    3213527 (47.27%) aligned concordantly exactly 1 time
    21744 (0.32%) aligned concordantly >1 times
    ----
    3562970 pairs aligned concordantly 0 times; of these:
      24438 (0.69%) aligned discordantly 1 time
    ----
    3538532 pairs aligned 0 times concordantly or discordantly; of these:
      7077064 mates make up the pairs; of these:
        7020657 (99.20%) aligned 0 times
        54809 (0.77%) aligned exactly 1 time
        1598 (0.02%) aligned >1 times
48.36% overall alignment rate
rm: cannot remove '/localscratch/mmk2265/align/1G_unaligned.*.fastq': No such file or directory
