39887810 reads; of these:
  39887810 (100.00%) were paired; of these:
    1439514 (3.61%) aligned concordantly 0 times
    35385104 (88.71%) aligned concordantly exactly 1 time
    3063192 (7.68%) aligned concordantly >1 times
    ----
    1439514 pairs aligned concordantly 0 times; of these:
      172555 (11.99%) aligned discordantly 1 time
    ----
    1266959 pairs aligned 0 times concordantly or discordantly; of these:
      2533918 mates make up the pairs; of these:
        1517586 (59.89%) aligned 0 times
        860314 (33.95%) aligned exactly 1 time
        156018 (6.16%) aligned >1 times
98.10% overall alignment rate

ERROR: invalid parameter: '1A_hg38.sam'

1439514 reads; of these:
  1439514 (100.00%) were paired; of these:
    1432244 (99.49%) aligned concordantly 0 times
    7270 (0.51%) aligned concordantly exactly 1 time
    0 (0.00%) aligned concordantly >1 times
    ----
    1432244 pairs aligned concordantly 0 times; of these:
      23 (0.00%) aligned discordantly 1 time
    ----
    1432221 pairs aligned 0 times concordantly or discordantly; of these:
      2864442 mates make up the pairs; of these:
        2864324 (100.00%) aligned 0 times
        118 (0.00%) aligned exactly 1 time
        0 (0.00%) aligned >1 times
0.51% overall alignment rate
rm: cannot remove '/localscratch/mmk2265/align/3D_unaligned.*.fastq': No such file or directory
