48811365 reads; of these:
  48811365 (100.00%) were paired; of these:
    6764650 (13.86%) aligned concordantly 0 times
    29946348 (61.35%) aligned concordantly exactly 1 time
    12100367 (24.79%) aligned concordantly >1 times
    ----
    6764650 pairs aligned concordantly 0 times; of these:
      210827 (3.12%) aligned discordantly 1 time
    ----
    6553823 pairs aligned 0 times concordantly or discordantly; of these:
      13107646 mates make up the pairs; of these:
        10104405 (77.09%) aligned 0 times
        1619128 (12.35%) aligned exactly 1 time
        1384113 (10.56%) aligned >1 times
89.65% overall alignment rate

        ==========     _____ _    _ ____  _____  ______          _____  
        =====         / ____| |  | |  _ \|  __ \|  ____|   /\   |  __ \ 
          =====      | (___ | |  | | |_) | |__) | |__     /  \  | |  | |
            ====      \___ \| |  | |  _ <|  _  /|  __|   / /\ \ | |  | |
              ====    ____) | |__| | |_) | | \ \| |____ / ____ \| |__| |
        ==========   |_____/ \____/|____/|_|  \_\______/_/    \_\_____/
	  v2.1.1

//========================== featureCounts setting ===========================\\
||                                                                            ||
||             Input files : 1 SAM file                                       ||
||                                                                            ||
||                           2D_hg38.sam                                      ||
||                                                                            ||
||             Output file : 2D_counts.txt                                    ||
||                 Summary : 2D_counts.txt.summary                            ||
||              Paired-end : yes                                              ||
||        Count read pairs : no                                               ||
||              Annotation : Homo_sapiens.GRCh38.115.gtf.gz (GTF)             ||
||      Dir for temp files : /groups/as6282_gp/data_bkup/mmk2265/20251208 ... ||
||                                                                            ||
||                 Threads : 8                                                ||
||                   Level : meta-feature level                               ||
||      Multimapping reads : not counted                                      ||
|| Multi-overlapping reads : not counted                                      ||
||   Min overlapping bases : 1                                                ||
||                                                                            ||
\\============================================================================//

//================================= Running ==================================\\
||                                                                            ||
|| Load annotation file Homo_sapiens.GRCh38.115.gtf.gz ...                    ||
||    Features : 3683354                                                      ||
||    Meta-features : 78899                                                   ||
||    Chromosomes/contigs : 70                                                ||
||                                                                            ||
|| Process SAM file 2D_hg38.sam...                                            ||
||    Strand specific : reversely stranded                                    ||
||    Paired-end reads are included.                                          ||
||    The reads are assigned on the single-end mode.                          ||
||    Total alignments : 165163201                                            ||
||    Successfully assigned alignments : 32997172 (20.0%)                     ||
||    Running time : 0.42 minutes                                             ||
||                                                                            ||
|| Write the final count table.                                               ||
|| Write the read assignment summary.                                         ||
||                                                                            ||
|| Summary of counting results can be found in file "/groups/as6282_gp/data_  ||
|| bkup/mmk2265/20251208_SINV_RNAseq/counts/2D_counts.txt.summary"            ||
||                                                                            ||
\\============================================================================//

rm: cannot remove '/localscratch/mmk2265/align/2D_unaligned.*.fastq': No such file or directory
