60415603 reads; of these:
  60415603 (100.00%) were paired; of these:
    2251039 (3.73%) aligned concordantly 0 times
    53937610 (89.28%) aligned concordantly exactly 1 time
    4226954 (7.00%) aligned concordantly >1 times
    ----
    2251039 pairs aligned concordantly 0 times; of these:
      276756 (12.29%) aligned discordantly 1 time
    ----
    1974283 pairs aligned 0 times concordantly or discordantly; of these:
      3948566 mates make up the pairs; of these:
        2420395 (61.30%) aligned 0 times
        1326677 (33.60%) aligned exactly 1 time
        201494 (5.10%) aligned >1 times
98.00% overall alignment rate

        ==========     _____ _    _ ____  _____  ______          _____  
        =====         / ____| |  | |  _ \|  __ \|  ____|   /\   |  __ \ 
          =====      | (___ | |  | | |_) | |__) | |__     /  \  | |  | |
            ====      \___ \| |  | |  _ <|  _  /|  __|   / /\ \ | |  | |
              ====    ____) | |__| | |_) | | \ \| |____ / ____ \| |__| |
        ==========   |_____/ \____/|____/|_|  \_\______/_/    \_\_____/
	  v2.1.1

//========================== featureCounts setting ===========================\\
||                                                                            ||
||             Input files : 1 SAM file                                       ||
||                                                                            ||
||                           1D_hg38.sam                                      ||
||                                                                            ||
||             Output file : 1D_counts.txt                                    ||
||                 Summary : 1D_counts.txt.summary                            ||
||              Paired-end : yes                                              ||
||        Count read pairs : no                                               ||
||              Annotation : Homo_sapiens.GRCh38.115.gtf.gz (GTF)             ||
||      Dir for temp files : /groups/as6282_gp/data_bkup/mmk2265/20251208 ... ||
||                                                                            ||
||                 Threads : 8                                                ||
||                   Level : meta-feature level                               ||
||      Multimapping reads : not counted                                      ||
|| Multi-overlapping reads : not counted                                      ||
||   Min overlapping bases : 1                                                ||
||                                                                            ||
\\============================================================================//

//================================= Running ==================================\\
||                                                                            ||
|| Load annotation file Homo_sapiens.GRCh38.115.gtf.gz ...                    ||
||    Features : 3683354                                                      ||
||    Meta-features : 78899                                                   ||
||    Chromosomes/contigs : 70                                                ||
||                                                                            ||
|| Process SAM file 1D_hg38.sam...                                            ||
||    Strand specific : reversely stranded                                    ||
||    Paired-end reads are included.                                          ||
||    The reads are assigned on the single-end mode.                          ||
||    Total alignments : 32354558                                             ||
||    Successfully assigned alignments : 15879249 (49.1%)                     ||
||    Running time : 0.12 minutes                                             ||
||                                                                            ||
|| Write the final count table.                                               ||
|| Write the read assignment summary.                                         ||
||                                                                            ||
|| Summary of counting results can be found in file "/groups/as6282_gp/data_  ||
|| bkup/mmk2265/20251208_SINV_RNAseq/counts/1D_counts.txt.summary"            ||
||                                                                            ||
\\============================================================================//

rm: cannot remove '/localscratch/mmk2265/align/1D_unaligned.*.fastq': No such file or directory
