75259179 reads; of these:
  75259179 (100.00%) were paired; of these:
    5988569 (7.96%) aligned concordantly 0 times
    55667486 (73.97%) aligned concordantly exactly 1 time
    13603124 (18.08%) aligned concordantly >1 times
    ----
    5988569 pairs aligned concordantly 0 times; of these:
      281707 (4.70%) aligned discordantly 1 time
    ----
    5706862 pairs aligned 0 times concordantly or discordantly; of these:
      11413724 mates make up the pairs; of these:
        8192677 (71.78%) aligned 0 times
        1920781 (16.83%) aligned exactly 1 time
        1300266 (11.39%) aligned >1 times
94.56% overall alignment rate

        ==========     _____ _    _ ____  _____  ______          _____  
        =====         / ____| |  | |  _ \|  __ \|  ____|   /\   |  __ \ 
          =====      | (___ | |  | | |_) | |__) | |__     /  \  | |  | |
            ====      \___ \| |  | |  _ <|  _  /|  __|   / /\ \ | |  | |
              ====    ____) | |__| | |_) | | \ \| |____ / ____ \| |__| |
        ==========   |_____/ \____/|____/|_|  \_\______/_/    \_\_____/
	  v2.1.1

//========================== featureCounts setting ===========================\\
||                                                                            ||
||             Input files : 1 SAM file                                       ||
||                                                                            ||
||                           3A_hg38.sam                                      ||
||                                                                            ||
||             Output file : 3A_counts.txt                                    ||
||                 Summary : 3A_counts.txt.summary                            ||
||              Paired-end : yes                                              ||
||        Count read pairs : no                                               ||
||              Annotation : Homo_sapiens.GRCh38.115.gtf.gz (GTF)             ||
||      Dir for temp files : /groups/as6282_gp/data_bkup/mmk2265/20251208 ... ||
||                                                                            ||
||                 Threads : 8                                                ||
||                   Level : meta-feature level                               ||
||      Multimapping reads : not counted                                      ||
|| Multi-overlapping reads : not counted                                      ||
||   Min overlapping bases : 1                                                ||
||                                                                            ||
\\============================================================================//

//================================= Running ==================================\\
||                                                                            ||
|| Load annotation file Homo_sapiens.GRCh38.115.gtf.gz ...                    ||
||    Features : 3683354                                                      ||
||    Meta-features : 78899                                                   ||
||    Chromosomes/contigs : 70                                                ||
||                                                                            ||
|| Process SAM file 3A_hg38.sam...                                            ||
||    Strand specific : reversely stranded                                    ||
||    Paired-end reads are included.                                          ||
||    The reads are assigned on the single-end mode.                          ||
||    Total alignments : 159816518                                            ||
||    Successfully assigned alignments : 56962888 (35.6%)                     ||
||    Running time : 0.33 minutes                                             ||
||                                                                            ||
|| Write the final count table.                                               ||
|| Write the read assignment summary.                                         ||
||                                                                            ||
|| Summary of counting results can be found in file "/groups/as6282_gp/data_  ||
|| bkup/mmk2265/20251208_SINV_RNAseq/counts/3A_counts.txt.summary"            ||
||                                                                            ||
\\============================================================================//

rm: cannot remove '/localscratch/mmk2265/align/3A_unaligned.*.fastq': No such file or directory
