68366429 reads; of these:
  68366429 (100.00%) were paired; of these:
    8014742 (11.72%) aligned concordantly 0 times
    39779322 (58.19%) aligned concordantly exactly 1 time
    20572365 (30.09%) aligned concordantly >1 times
    ----
    8014742 pairs aligned concordantly 0 times; of these:
      273479 (3.41%) aligned discordantly 1 time
    ----
    7741263 pairs aligned 0 times concordantly or discordantly; of these:
      15482526 mates make up the pairs; of these:
        11730961 (75.77%) aligned 0 times
        1943105 (12.55%) aligned exactly 1 time
        1808460 (11.68%) aligned >1 times
91.42% overall alignment rate

        ==========     _____ _    _ ____  _____  ______          _____  
        =====         / ____| |  | |  _ \|  __ \|  ____|   /\   |  __ \ 
          =====      | (___ | |  | | |_) | |__) | |__     /  \  | |  | |
            ====      \___ \| |  | |  _ <|  _  /|  __|   / /\ \ | |  | |
              ====    ____) | |__| | |_) | | \ \| |____ / ____ \| |__| |
        ==========   |_____/ \____/|____/|_|  \_\______/_/    \_\_____/
	  v2.1.1

//========================== featureCounts setting ===========================\\
||                                                                            ||
||             Input files : 1 SAM file                                       ||
||                                                                            ||
||                           3F_hg38.sam                                      ||
||                                                                            ||
||             Output file : 3F_counts.txt                                    ||
||                 Summary : 3F_counts.txt.summary                            ||
||              Paired-end : yes                                              ||
||        Count read pairs : no                                               ||
||              Annotation : Homo_sapiens.GRCh38.115.gtf.gz (GTF)             ||
||      Dir for temp files : /groups/as6282_gp/data_bkup/mmk2265/20251208 ... ||
||                                                                            ||
||                 Threads : 8                                                ||
||                   Level : meta-feature level                               ||
||      Multimapping reads : not counted                                      ||
|| Multi-overlapping reads : not counted                                      ||
||   Min overlapping bases : 1                                                ||
||                                                                            ||
\\============================================================================//

//================================= Running ==================================\\
||                                                                            ||
|| Load annotation file Homo_sapiens.GRCh38.115.gtf.gz ...                    ||
||    Features : 3683354                                                      ||
||    Meta-features : 78899                                                   ||
||    Chromosomes/contigs : 70                                                ||
||                                                                            ||
|| Process SAM file 3F_hg38.sam...                                            ||
||    Strand specific : reversely stranded                                    ||
||    Paired-end reads are included.                                          ||
||    The reads are assigned on the single-end mode.                          ||
||    Total alignments : 183762461                                            ||
||    Successfully assigned alignments : 32273964 (17.6%)                     ||
||    Running time : 0.48 minutes                                             ||
||                                                                            ||
|| Write the final count table.                                               ||
|| Write the read assignment summary.                                         ||
||                                                                            ||
|| Summary of counting results can be found in file "/groups/as6282_gp/data_  ||
|| bkup/mmk2265/20251208_SINV_RNAseq/counts/3F_counts.txt.summary"            ||
||                                                                            ||
\\============================================================================//

rm: cannot remove '/localscratch/mmk2265/align/3F_unaligned.*.fastq': No such file or directory
