115218798 reads; of these:
  115218798 (100.00%) were paired; of these:
    7137550 (6.19%) aligned concordantly 0 times
    91069893 (79.04%) aligned concordantly exactly 1 time
    17011355 (14.76%) aligned concordantly >1 times
    ----
    7137550 pairs aligned concordantly 0 times; of these:
      561595 (7.87%) aligned discordantly 1 time
    ----
    6575955 pairs aligned 0 times concordantly or discordantly; of these:
      13151910 mates make up the pairs; of these:
        10003396 (76.06%) aligned 0 times
        2312969 (17.59%) aligned exactly 1 time
        835545 (6.35%) aligned >1 times
95.66% overall alignment rate

        ==========     _____ _    _ ____  _____  ______          _____  
        =====         / ____| |  | |  _ \|  __ \|  ____|   /\   |  __ \ 
          =====      | (___ | |  | | |_) | |__) | |__     /  \  | |  | |
            ====      \___ \| |  | |  _ <|  _  /|  __|   / /\ \ | |  | |
              ====    ____) | |__| | |_) | | \ \| |____ / ____ \| |__| |
        ==========   |_____/ \____/|____/|_|  \_\______/_/    \_\_____/
	  v2.1.1

//========================== featureCounts setting ===========================\\
||                                                                            ||
||             Input files : 1 SAM file                                       ||
||                                                                            ||
||                           1H_hg38.sam                                      ||
||                                                                            ||
||             Output file : 1H_counts.txt                                    ||
||                 Summary : 1H_counts.txt.summary                            ||
||              Paired-end : yes                                              ||
||        Count read pairs : no                                               ||
||              Annotation : Homo_sapiens.GRCh38.115.gtf.gz (GTF)             ||
||      Dir for temp files : /groups/as6282_gp/data_bkup/mmk2265/20251208 ... ||
||                                                                            ||
||                 Threads : 8                                                ||
||                   Level : meta-feature level                               ||
||      Multimapping reads : not counted                                      ||
|| Multi-overlapping reads : not counted                                      ||
||   Min overlapping bases : 1                                                ||
||                                                                            ||
\\============================================================================//

//================================= Running ==================================\\
||                                                                            ||
|| Load annotation file Homo_sapiens.GRCh38.115.gtf.gz ...                    ||
||    Features : 3683354                                                      ||
||    Meta-features : 78899                                                   ||
||    Chromosomes/contigs : 70                                                ||
||                                                                            ||
|| Process SAM file 1H_hg38.sam...                                            ||
||    Strand specific : reversely stranded                                    ||
||    Paired-end reads are included.                                          ||
||    The reads are assigned on the single-end mode.                          ||
||    Total alignments : 314811963                                            ||
||    Successfully assigned alignments : 123733217 (39.3%)                    ||
||    Running time : 1.30 minutes                                             ||
||                                                                            ||
|| Write the final count table.                                               ||
|| Write the read assignment summary.                                         ||
||                                                                            ||
|| Summary of counting results can be found in file "/groups/as6282_gp/data_  ||
|| bkup/mmk2265/20251208_SINV_RNAseq/counts/1H_counts.txt.summary"            ||
||                                                                            ||
\\============================================================================//

rm: cannot remove '/localscratch/mmk2265/align/1H_unaligned.*.fastq': No such file or directory
