56404097 reads; of these:
  56404097 (100.00%) were paired; of these:
    2234000 (3.96%) aligned concordantly 0 times
    47945032 (85.00%) aligned concordantly exactly 1 time
    6225065 (11.04%) aligned concordantly >1 times
    ----
    2234000 pairs aligned concordantly 0 times; of these:
      217567 (9.74%) aligned discordantly 1 time
    ----
    2016433 pairs aligned 0 times concordantly or discordantly; of these:
      4032866 mates make up the pairs; of these:
        2536333 (62.89%) aligned 0 times
        1156633 (28.68%) aligned exactly 1 time
        339900 (8.43%) aligned >1 times
97.75% overall alignment rate

        ==========     _____ _    _ ____  _____  ______          _____  
        =====         / ____| |  | |  _ \|  __ \|  ____|   /\   |  __ \ 
          =====      | (___ | |  | | |_) | |__) | |__     /  \  | |  | |
            ====      \___ \| |  | |  _ <|  _  /|  __|   / /\ \ | |  | |
              ====    ____) | |__| | |_) | | \ \| |____ / ____ \| |__| |
        ==========   |_____/ \____/|____/|_|  \_\______/_/    \_\_____/
	  v2.1.1

//========================== featureCounts setting ===========================\\
||                                                                            ||
||             Input files : 1 SAM file                                       ||
||                                                                            ||
||                           2B_hg38.sam                                      ||
||                                                                            ||
||             Output file : 2B_counts.txt                                    ||
||                 Summary : 2B_counts.txt.summary                            ||
||              Paired-end : yes                                              ||
||        Count read pairs : no                                               ||
||              Annotation : Homo_sapiens.GRCh38.115.gtf.gz (GTF)             ||
||      Dir for temp files : /groups/as6282_gp/data_bkup/mmk2265/20251208 ... ||
||                                                                            ||
||                 Threads : 8                                                ||
||                   Level : meta-feature level                               ||
||      Multimapping reads : not counted                                      ||
|| Multi-overlapping reads : not counted                                      ||
||   Min overlapping bases : 1                                                ||
||                                                                            ||
\\============================================================================//

//================================= Running ==================================\\
||                                                                            ||
|| Load annotation file Homo_sapiens.GRCh38.115.gtf.gz ...                    ||
||    Features : 3683354                                                      ||
||    Meta-features : 78899                                                   ||
||    Chromosomes/contigs : 70                                                ||
||                                                                            ||
|| Process SAM file 2B_hg38.sam...                                            ||
||    Strand specific : reversely stranded                                    ||
||    Paired-end reads are included.                                          ||
||    The reads are assigned on the single-end mode.                          ||
||    Total alignments : 140543241                                            ||
||    Successfully assigned alignments : 68503572 (48.7%)                     ||
||    Running time : 0.35 minutes                                             ||
||                                                                            ||
|| Write the final count table.                                               ||
|| Write the read assignment summary.                                         ||
||                                                                            ||
|| Summary of counting results can be found in file "/groups/as6282_gp/data_  ||
|| bkup/mmk2265/20251208_SINV_RNAseq/counts/2B_counts.txt.summary"            ||
||                                                                            ||
\\============================================================================//

rm: cannot remove '/localscratch/mmk2265/align/2B_unaligned.*.fastq': No such file or directory
