95074898 reads; of these:
  95074898 (100.00%) were paired; of these:
    8995961 (9.46%) aligned concordantly 0 times
    60790627 (63.94%) aligned concordantly exactly 1 time
    25288310 (26.60%) aligned concordantly >1 times
    ----
    8995961 pairs aligned concordantly 0 times; of these:
      380269 (4.23%) aligned discordantly 1 time
    ----
    8615692 pairs aligned 0 times concordantly or discordantly; of these:
      17231384 mates make up the pairs; of these:
        12545007 (72.80%) aligned 0 times
        2541419 (14.75%) aligned exactly 1 time
        2144958 (12.45%) aligned >1 times
93.40% overall alignment rate

        ==========     _____ _    _ ____  _____  ______          _____  
        =====         / ____| |  | |  _ \|  __ \|  ____|   /\   |  __ \ 
          =====      | (___ | |  | | |_) | |__) | |__     /  \  | |  | |
            ====      \___ \| |  | |  _ <|  _  /|  __|   / /\ \ | |  | |
              ====    ____) | |__| | |_) | | \ \| |____ / ____ \| |__| |
        ==========   |_____/ \____/|____/|_|  \_\______/_/    \_\_____/
	  v2.1.1

//========================== featureCounts setting ===========================\\
||                                                                            ||
||             Input files : 1 SAM file                                       ||
||                                                                            ||
||                           2G_hg38.sam                                      ||
||                                                                            ||
||             Output file : 2G_counts.txt                                    ||
||                 Summary : 2G_counts.txt.summary                            ||
||              Paired-end : yes                                              ||
||        Count read pairs : no                                               ||
||              Annotation : Homo_sapiens.GRCh38.115.gtf.gz (GTF)             ||
||      Dir for temp files : /groups/as6282_gp/data_bkup/mmk2265/20251208 ... ||
||                                                                            ||
||                 Threads : 8                                                ||
||                   Level : meta-feature level                               ||
||      Multimapping reads : not counted                                      ||
|| Multi-overlapping reads : not counted                                      ||
||   Min overlapping bases : 1                                                ||
||                                                                            ||
\\============================================================================//

//================================= Running ==================================\\
||                                                                            ||
|| Load annotation file Homo_sapiens.GRCh38.115.gtf.gz ...                    ||
||    Features : 3683354                                                      ||
||    Meta-features : 78899                                                   ||
||    Chromosomes/contigs : 70                                                ||
||                                                                            ||
|| Process SAM file 2G_hg38.sam...                                            ||
||    Strand specific : reversely stranded                                    ||
||    Paired-end reads are included.                                          ||
||    The reads are assigned on the single-end mode.                          ||
||    Total alignments : 281390460                                            ||
||    Successfully assigned alignments : 58425152 (20.8%)                     ||
||    Running time : 1.17 minutes                                             ||
||                                                                            ||
|| Write the final count table.                                               ||
|| Write the read assignment summary.                                         ||
||                                                                            ||
|| Summary of counting results can be found in file "/groups/as6282_gp/data_  ||
|| bkup/mmk2265/20251208_SINV_RNAseq/counts/2G_counts.txt.summary"            ||
||                                                                            ||
\\============================================================================//

rm: cannot remove '/localscratch/mmk2265/align/2G_unaligned.*.fastq': No such file or directory
