75000826 reads; of these:
  75000826 (100.00%) were paired; of these:
    7994223 (10.66%) aligned concordantly 0 times
    45115723 (60.15%) aligned concordantly exactly 1 time
    21890880 (29.19%) aligned concordantly >1 times
    ----
    7994223 pairs aligned concordantly 0 times; of these:
      295341 (3.69%) aligned discordantly 1 time
    ----
    7698882 pairs aligned 0 times concordantly or discordantly; of these:
      15397764 mates make up the pairs; of these:
        10902851 (70.81%) aligned 0 times
        2319994 (15.07%) aligned exactly 1 time
        2174919 (14.12%) aligned >1 times
92.73% overall alignment rate

        ==========     _____ _    _ ____  _____  ______          _____  
        =====         / ____| |  | |  _ \|  __ \|  ____|   /\   |  __ \ 
          =====      | (___ | |  | | |_) | |__) | |__     /  \  | |  | |
            ====      \___ \| |  | |  _ <|  _  /|  __|   / /\ \ | |  | |
              ====    ____) | |__| | |_) | | \ \| |____ / ____ \| |__| |
        ==========   |_____/ \____/|____/|_|  \_\______/_/    \_\_____/
	  v2.1.1

//========================== featureCounts setting ===========================\\
||                                                                            ||
||             Input files : 1 SAM file                                       ||
||                                                                            ||
||                           3C_hg38.sam                                      ||
||                                                                            ||
||             Output file : 3C_counts.txt                                    ||
||                 Summary : 3C_counts.txt.summary                            ||
||              Paired-end : yes                                              ||
||        Count read pairs : no                                               ||
||              Annotation : Homo_sapiens.GRCh38.115.gtf.gz (GTF)             ||
||      Dir for temp files : /groups/as6282_gp/data_bkup/mmk2265/20251208 ... ||
||                                                                            ||
||                 Threads : 8                                                ||
||                   Level : meta-feature level                               ||
||      Multimapping reads : not counted                                      ||
|| Multi-overlapping reads : not counted                                      ||
||   Min overlapping bases : 1                                                ||
||                                                                            ||
\\============================================================================//

//================================= Running ==================================\\
||                                                                            ||
|| Load annotation file Homo_sapiens.GRCh38.115.gtf.gz ...                    ||
||    Features : 3683354                                                      ||
||    Meta-features : 78899                                                   ||
||    Chromosomes/contigs : 70                                                ||
||                                                                            ||
|| Process SAM file 3C_hg38.sam...                                            ||
||    Strand specific : reversely stranded                                    ||
ERROR: Unable to find chromosome '112390789' in the SAM header.
||    Paired-end reads are included.                                          ||
||    The reads are assigned on the single-end mode.                          ||
||    Total alignments : 215167076                                            ||
||    Successfully assigned alignments : 43131234 (20.0%)                     ||
||    Running time : 0.89 minutes                                             ||
||                                                                            ||
|| Write the final count table.                                               ||
|| Write the read assignment summary.                                         ||
||                                                                            ||
|| Summary of counting results can be found in file "/groups/as6282_gp/data_  ||
|| bkup/mmk2265/20251208_SINV_RNAseq/counts/3C_counts.txt.summary"            ||
||                                                                            ||
\\============================================================================//

rm: cannot remove '/localscratch/mmk2265/align/3C_unaligned.*.fastq': No such file or directory
